<?xml version="1.0" encoding="UTF-8"?>

<databaseChangeLog
        xmlns="http://www.liquibase.org/xml/ns/dbchangelog"
        xmlns:xsi="http://www.w3.org/2001/XMLSchema-instance"
        xsi:schemaLocation="http://www.liquibase.org/xml/ns/dbchangelog http://www.liquibase.org/xml/ns/dbchangelog/dbchangelog-3.5.xsd">

    <changeSet id="001-define-roles" author="Sergey Grigoriev">
        <insert tableName="role">
            <column name="id" value="2cea6bb9-2c59-4789-92f3-4404155fbbf5"/>
            <column name="role" value="administrator"/>
        </insert>
        <insert tableName="role">
            <column name="id" value="19081259-3c1a-4f9e-9853-18513969d543"/>
            <column name="role" value="user"/>
        </insert>
    </changeSet>

    <changeSet id="002-add-users" author="Sergey Grigoriev">
        <insert tableName="user">
            <column name="id" value="96059cf8-4399-446d-92b8-ce82579f95f5"/>
            <column name="username" value="grigoriev"/>
            <column name="password" value="password"/>
            <column name="active" valueBoolean="true"/>
        </insert>
    </changeSet>

    <changeSet id="003-assign-roles" author="Sergey Grigoriev">
        <insert tableName="user_role">
            <column name="user_id" value="96059cf8-4399-446d-92b8-ce82579f95f5"/>
            <column name="role_id" value="2cea6bb9-2c59-4789-92f3-4404155fbbf5"/>
        </insert>
        <insert tableName="user_role">
            <column name="user_id" value="96059cf8-4399-446d-92b8-ce82579f95f5"/>
            <column name="role_id" value="19081259-3c1a-4f9e-9853-18513969d543"/>
        </insert>
    </changeSet>
</databaseChangeLog>